<?xml version="1.0" encoding="UTF-8"?>
<testsuite xmlns:xsi="http://www.w3.org/2001/XMLSchema-instance" xsi:noNamespaceSchemaLocation="https://maven.apache.org/surefire/maven-surefire-plugin/xsd/surefire-test-report-3.0.xsd" version="3.0" name="org.example.AppTest" time="2.667" tests="3" errors="0" skipped="0" failures="0">
  <properties>
[...]
</properties>
  <testcase name="testLableEmpty(FxRobot)" classname="org.example.AppTest" time="1.502">
    <system-err><![CDATA[יוני 10, 2021 7:12:15 אחה״צ com.sun.javafx.application.PlatformImpl startup
WARNING: Unsupported JavaFX configuration: classes were loaded from 'unnamed module @5e853265'
]]></system-err>
  </testcase>
  <testcase name="testButtonText(FxRobot)" classname="org.example.AppTest" time="0.257"/>
  <testcase name="testButtonClick(FxRobot)" classname="org.example.AppTest" time="0.884"/>
</testsuite>